  main.cpp
C:\Users\User\Documents\Lab\CP\hacker cup\Qul\tmp\tmp\main.cpp(22,17): warning C4244: 'initializing': conversion from 'double' to 'int64_t', possible loss of data
C:\Users\User\Documents\Lab\CP\hacker cup\Qul\tmp\tmp\main.cpp(29,20): warning C4244: 'argument': conversion from 'int64_t' to 'const unsigned int', possible loss of data
C:\Users\User\Documents\Lab\CP\hacker cup\Qul\tmp\tmp\main.cpp(33,9): warning C4244: 'argument': conversion from 'int64_t' to 'const unsigned int', possible loss of data
C:\Users\User\Documents\Lab\CP\hacker cup\Qul\tmp\tmp\main.cpp(34,35): warning C4244: 'argument': conversion from 'int64_t' to 'const unsigned int', possible loss of data
C:\Users\User\Documents\Lab\CP\hacker cup\Qul\tmp\tmp\main.cpp(34,48): warning C4244: 'argument': conversion from 'int64_t' to 'const unsigned int', possible loss of data
C:\Users\User\Documents\Lab\CP\hacker cup\Qul\tmp\tmp\main.cpp(34,62): warning C4244: 'argument': conversion from 'int64_t' to 'const unsigned int', possible loss of data
C:\Users\User\Documents\Lab\CP\hacker cup\Qul\tmp\tmp\main.cpp(40,24): warning C4244: 'argument': conversion from 'int64_t' to 'const unsigned int', possible loss of data
C:\Users\User\Documents\Lab\CP\hacker cup\Qul\tmp\tmp\main.cpp(41,29): warning C4244: 'argument': conversion from 'int64_t' to 'const unsigned int', possible loss of data
C:\Users\User\Documents\Lab\CP\hacker cup\Qul\tmp\tmp\main.cpp(55,23): warning C4244: 'argument': conversion from 'int64_t' to 'const unsigned int', possible loss of data
C:\Users\User\Documents\Lab\CP\hacker cup\Qul\tmp\tmp\main.cpp(65,11): warning C4244: 'argument': conversion from 'int64_t' to 'const unsigned int', possible loss of data
C:\Users\User\Documents\Lab\CP\hacker cup\Qul\tmp\tmp\main.cpp(67,59): warning C4244: 'argument': conversion from 'int64_t' to 'const unsigned int', possible loss of data
C:\Users\User\Documents\Lab\CP\hacker cup\Qul\tmp\tmp\main.cpp(69,23): warning C4244: 'argument': conversion from 'int64_t' to 'const unsigned int', possible loss of data
C:\Users\User\Documents\Lab\CP\hacker cup\Qul\tmp\tmp\main.cpp(69,50): warning C4244: 'argument': conversion from '__int64' to 'unsigned int', possible loss of data
C:\Users\User\Documents\Lab\CP\hacker cup\Qul\tmp\tmp\main.cpp(80,25): warning C4244: 'argument': conversion from 'int64_t' to 'const unsigned int', possible loss of data
C:\Users\User\Documents\Lab\CP\hacker cup\Qul\tmp\tmp\main.cpp(81,25): warning C4244: 'argument': conversion from 'int64_t' to 'const unsigned int', possible loss of data
C:\Users\User\Documents\Lab\CP\hacker cup\Qul\tmp\tmp\main.cpp(83,30): warning C4244: 'argument': conversion from 'int64_t' to 'const unsigned int', possible loss of data
C:\Users\User\Documents\Lab\CP\hacker cup\Qul\tmp\tmp\main.cpp(86,11): warning C4244: 'argument': conversion from 'int64_t' to 'const unsigned int', possible loss of data
C:\Users\User\Documents\Lab\CP\hacker cup\Qul\tmp\tmp\main.cpp(87,11): warning C4244: 'argument': conversion from 'int64_t' to 'const unsigned int', possible loss of data
C:\Users\User\Documents\Lab\CP\hacker cup\Qul\tmp\tmp\main.cpp(89,42): warning C4244: 'argument': conversion from 'int64_t' to 'unsigned int', possible loss of data
C:\Users\User\Documents\Lab\CP\hacker cup\Qul\tmp\tmp\main.cpp(92,28): warning C4244: 'argument': conversion from '__int64' to 'unsigned int', possible loss of data
  Generating code
  157 of 403 functions (39.0%) were compiled, the rest were copied from previous compilation.
    128 functions were new in current compilation
    4 functions had inline decision re-evaluated but remain unchanged
  Finished generating code
  tmp.vcxproj -> C:\Users\User\Documents\Lab\CP\hacker cup\Qul\tmp\Release\tmp.exe
